\BOOKMARK [0][-]{chapter.1}{Installation de Sphinx}{}% 1
\BOOKMARK [1][-]{section.1.1}{Installation des pr\351-requis}{chapter.1}% 2
\BOOKMARK [1][-]{section.1.2}{Installation des th\350mes}{chapter.1}% 3
\BOOKMARK [1][-]{section.1.3}{Pour construire des PDF}{chapter.1}% 4
\BOOKMARK [0][-]{chapter.2}{Construction du document}{}% 5
\BOOKMARK [0][-]{chapter.3}{Cr\351ation d'un document}{}% 6
\BOOKMARK [1][-]{section.3.1}{Par copie}{chapter.3}% 7
\BOOKMARK [1][-]{section.3.2}{En ligne de commande}{chapter.3}% 8
\BOOKMARK [0][-]{chapter.4}{R\351f\351rences}{}% 9
\BOOKMARK [1][-]{section.4.1}{How to write docstrings.}{chapter.4}% 10
\BOOKMARK [1][-]{section.4.2}{Extending Sphinx.}{chapter.4}% 11
\BOOKMARK [0][-]{chapter.5}{Instructions de base}{}% 12
\BOOKMARK [1][-]{section.5.1}{Les directives}{chapter.5}% 13
\BOOKMARK [1][-]{section.5.2}{Les r\364les}{chapter.5}% 14
\BOOKMARK [1][-]{section.5.3}{Avertissements}{chapter.5}% 15
\BOOKMARK [1][-]{section.5.4}{Citations}{chapter.5}% 16
\BOOKMARK [1][-]{section.5.5}{Code}{chapter.5}% 17
\BOOKMARK [1][-]{section.5.6}{Commentaires}{chapter.5}% 18
\BOOKMARK [1][-]{section.5.7}{Conditions}{chapter.5}% 19
\BOOKMARK [1][-]{section.5.8}{Customisation CSS}{chapter.5}% 20
\BOOKMARK [1][-]{section.5.9}{Notes de bas de page}{chapter.5}% 21
\BOOKMARK [1][-]{section.5.10}{Images}{chapter.5}% 22
\BOOKMARK [1][-]{section.5.11}{Figures}{chapter.5}% 23
\BOOKMARK [1][-]{section.5.12}{Inclusion de fichier}{chapter.5}% 24
\BOOKMARK [1][-]{section.5.13}{Inline markup}{chapter.5}% 25
\BOOKMARK [1][-]{section.5.14}{Liens}{chapter.5}% 26
\BOOKMARK [1][-]{section.5.15}{Listes et d\351finitions}{chapter.5}% 27
\BOOKMARK [1][-]{section.5.16}{Math}{chapter.5}% 28
\BOOKMARK [1][-]{section.5.17}{Paragraphes}{chapter.5}% 29
\BOOKMARK [1][-]{section.5.18}{Raw}{chapter.5}% 30
\BOOKMARK [1][-]{section.5.19}{Sidebar}{chapter.5}% 31
\BOOKMARK [1][-]{section.5.20}{Substitutions}{chapter.5}% 32
\BOOKMARK [1][-]{section.5.21}{Tableaux}{chapter.5}% 33
\BOOKMARK [1][-]{section.5.22}{Titres}{chapter.5}% 34
\BOOKMARK [1][-]{section.5.23}{Titre de la partie}{chapter.5}% 35
\BOOKMARK [1][-]{section.5.24}{TOC tree}{chapter.5}% 36
\BOOKMARK [1][-]{section.5.25}{Topic!}{chapter.5}% 37
\BOOKMARK [1][-]{section.5.26}{Transition}{chapter.5}% 38
\BOOKMARK [1][-]{section.5.27}{Typographie}{chapter.5}% 39
\BOOKMARK [0][-]{chapter.6}{Instructions sp\351cifiques \340 la version Open Wide}{}% 40
\BOOKMARK [1][-]{section.6.1}{Awesome font}{chapter.6}% 41
\BOOKMARK [1][-]{section.6.2}{Tags}{chapter.6}% 42
\BOOKMARK [1][-]{section.6.3}{Typographie}{chapter.6}% 43
\BOOKMARK [0][-]{chapter.7}{Les extensions}{}% 44
\BOOKMARK [1][-]{section.7.1}{sphinx-scruffy}{chapter.7}% 45
\BOOKMARK [1][-]{section.7.2}{sphinx.ext.extlinks}{chapter.7}% 46
\BOOKMARK [1][-]{section.7.3}{sphinx.ext.ifconfig}{chapter.7}% 47
\BOOKMARK [1][-]{section.7.4}{sphinx.ext.intersphinx}{chapter.7}% 48
\BOOKMARK [1][-]{section.7.5}{sphinx.ext.todo}{chapter.7}% 49
\BOOKMARK [1][-]{section.7.6}{sphinxcontrib-phpdomain}{chapter.7}% 50
\BOOKMARK [1][-]{section.7.7}{sphinxcontrib.googlechart}{chapter.7}% 51
\BOOKMARK [1][-]{section.7.8}{sphinxcontrib.googlechart.graphviz}{chapter.7}% 52
\BOOKMARK [1][-]{section.7.9}{sphinxcontrib.images}{chapter.7}% 53
\BOOKMARK [1][-]{section.7.10}{sphinxcontrib.nvd3}{chapter.7}% 54
\BOOKMARK [1][-]{section.7.11}{sphinxcontrib.programoutput}{chapter.7}% 55
\BOOKMARK [1][-]{section.7.12}{sphinxcontrib.taglist}{chapter.7}% 56
\BOOKMARK [1][-]{section.7.13}{sphinxcontrib.webmocks}{chapter.7}% 57
\BOOKMARK [1][-]{section.7.14}{sphinxcontrib.yuml}{chapter.7}% 58
\BOOKMARK [0][-]{chapter.8}{Documentation commune p\364le PHP}{}% 59
\BOOKMARK [1][-]{section.8.1}{Pr\351sentation}{chapter.8}% 60
\BOOKMARK [1][-]{section.8.2}{Contribution sur le d\351p\364t}{chapter.8}% 61
\BOOKMARK [0][-]{chapter*.11}{Bibliographie}{}% 62
\BOOKMARK [0][-]{section*.13}{Index}{}% 63
