\BOOKMARK [0][-]{chapter.1}{Poste de travail}{}% 1
\BOOKMARK [1][-]{section.1.1}{Emplacement des sources}{chapter.1}% 2
\BOOKMARK [1][-]{section.1.2}{Description de l'arborescence}{chapter.1}% 3
\BOOKMARK [1][-]{section.1.3}{PHP Storm}{chapter.1}% 4
\BOOKMARK [0][-]{chapter.2}{Installation}{}% 5
\BOOKMARK [1][-]{section.2.1}{Pr\351-requis}{chapter.2}% 6
\BOOKMARK [1][-]{section.2.2}{Cr\351ation initiale du projet}{chapter.2}% 7
\BOOKMARK [1][-]{section.2.3}{Installation du projet}{chapter.2}% 8
\BOOKMARK [0][-]{chapter.3}{Environnements}{}% 9
\BOOKMARK [1][-]{section.3.1}{Modules}{chapter.3}% 10
\BOOKMARK [1][-]{section.3.2}{Nouvel environnement}{chapter.3}% 11
\BOOKMARK [0][-]{chapter.4}{Commandes Drush}{}% 12
\BOOKMARK [1][-]{section.4.1}{Autocompl\351tion}{chapter.4}% 13
\BOOKMARK [1][-]{section.4.2}{Activer un module}{chapter.4}% 14
\BOOKMARK [1][-]{section.4.3}{D\351sactiver un module}{chapter.4}% 15
\BOOKMARK [1][-]{section.4.4}{Lister les modules du site}{chapter.4}% 16
\BOOKMARK [1][-]{section.4.5}{Dumper une BDD}{chapter.4}% 17
\BOOKMARK [1][-]{section.4.6}{Vider le cache}{chapter.4}% 18
\BOOKMARK [1][-]{section.4.7}{Mettre \340 jour une BDD}{chapter.4}% 19
\BOOKMARK [1][-]{section.4.8}{Mode maintenance}{chapter.4}% 20
\BOOKMARK [1][-]{section.4.9}{Gestion du cache des alias d'image}{chapter.4}% 21
\BOOKMARK [1][-]{section.4.10}{Debug}{chapter.4}% 22
\BOOKMARK [1][-]{section.4.11}{Features}{chapter.4}% 23
\BOOKMARK [0][-]{chapter.5}{Les modules}{}% 24
\BOOKMARK [1][-]{section.5.1}{Modules du core}{chapter.5}% 25
\BOOKMARK [1][-]{section.5.2}{Modules additionnels}{chapter.5}% 26
\BOOKMARK [1][-]{section.5.3}{Autres modules}{chapter.5}% 27
\BOOKMARK [1][-]{section.5.4}{Arbo d'un module}{chapter.5}% 28
\BOOKMARK [0][-]{chapter.6}{Les th\350mes}{}% 29
\BOOKMARK [1][-]{section.6.1}{Th\350mes d'administration}{chapter.6}% 30
\BOOKMARK [1][-]{section.6.2}{Th\350mes front}{chapter.6}% 31
\BOOKMARK [0][-]{chapter.7}{Theming}{}% 32
\BOOKMARK [1][-]{section.7.1}{Fonctions de base}{chapter.7}% 33
\BOOKMARK [1][-]{section.7.2}{Hooks}{chapter.7}% 34
\BOOKMARK [1][-]{section.7.3}{Infos}{chapter.7}% 35
\BOOKMARK [1][-]{section.7.4}{Fonction t\(\)}{chapter.7}% 36
\BOOKMARK [1][-]{section.7.5}{Users}{chapter.7}% 37
\BOOKMARK [0][-]{chapter.8}{Debug}{}% 38
\BOOKMARK [1][-]{section.8.1}{Drush}{chapter.8}% 39
\BOOKMARK [1][-]{section.8.2}{Code PHP}{chapter.8}% 40
\BOOKMARK [0][-]{chapter.9}{Liens}{}% 41
\BOOKMARK [1][-]{section.9.1}{Articles}{chapter.9}% 42
\BOOKMARK [0][-]{chapter.10}{Tests Behat}{}% 43
\BOOKMARK [1][-]{section.10.1}{Installation}{chapter.10}% 44
\BOOKMARK [1][-]{section.10.2}{Commandes utiles}{chapter.10}% 45
\BOOKMARK [0][-]{chapter.11}{Int\351gration continue}{}% 46
\BOOKMARK [1][-]{section.11.1}{Jenkins}{chapter.11}% 47
